Open5GS daemon v2.7.6-201-gf7ec6ea

[32m03/15 06:46:02.742[0m: [[33mapp[0m] [1;32mINFO[0m: Configuration: '/home/ubuntu/open5gs/install/etc/open5gs/sepp1.yaml' (../lib/app/ogs-init.c:144)
[32m03/15 06:46:02.742[0m: [[33mapp[0m] [1;32mINFO[0m: File Logging: '/home/ubuntu/open5gs/install/var/log/open5gs/sepp1.log' (../lib/app/ogs-init.c:147)
[32m03/15 06:46:02.750[0m: [[33msbi[0m] [1;32mINFO[0m: Setup NF EndPoint(addr) [127.0.0.200:7777] (../lib/sbi/context.c:499)
[32m03/15 06:46:02.750[0m: [[33msepp[0m] [1;32mINFO[0m: Setup NF EndPoint(fqdn) [sepp2.localdomain:7777] (../src/sepp/context.c:351)
[32m03/15 06:46:02.751[0m: [[33msepp[0m] [1;32mINFO[0m: Setup NF EndPoint(fqdn) [sepp2.localdomain:7777] (../src/sepp/context.c:377)
[32m03/15 06:46:02.751[0m: [[33msbi[0m] [1;32mINFO[0m: nghttp2_server() [http://127.0.1.250]:7777 (../lib/sbi/nghttp2-server.c:439)
[32m03/15 06:46:02.855[0m: [[33msbi[0m] [1;32mINFO[0m: nghttp2_server(n32f) [https://127.0.1.252]:7777 (../lib/sbi/nghttp2-server.c:439)
[32m03/15 06:46:02.897[0m: [[33msbi[0m] [1;32mINFO[0m: nghttp2_server(sepp) [https://127.0.1.251]:7777 (../lib/sbi/nghttp2-server.c:439)
[32m03/15 06:46:02.897[0m: [[33mapp[0m] [1;32mINFO[0m: SEPP initialize...done (../src/sepp/app.c:31)
[32m03/15 06:46:02.903[0m: [[33msbi[0m] [1;32mINFO[0m: [a2402500-203a-41f1-bdaa-c5700aab12eb] NF registered [Heartbeat:10s] (../lib/sbi/nf-sm.c:341)
[32m03/15 06:46:02.904[0m: [[33msbi[0m] [1;36mWARNING[0m: Couldn't connect to server (7): Failed to connect to sepp2.localdomain port 7777 after 0 ms: Couldn't connect to server (../lib/sbi/client.c:767)
[32m03/15 06:46:02.904[0m: [[33msbi[0m] [1;36mWARNING[0m: ogs_sbi_client_handler() failed [-1] (../lib/sbi/path.c:62)
[32m03/15 06:46:13.904[0m: [[33msepp[0m] [1;36mWARNING[0m: [sepp2.localdomain] Retry establishment with Peer SEPP (../src/sepp/handshake-sm.c:264)
[32m03/15 06:46:13.906[0m: [[33msbi[0m] [1;36mWARNING[0m: Couldn't connect to server (7): Failed to connect to sepp2.localdomain port 7777 after 0 ms: Couldn't connect to server (../lib/sbi/client.c:767)
[32m03/15 06:46:13.906[0m: [[33msbi[0m] [1;36mWARNING[0m: ogs_sbi_client_handler() failed [-1] (../lib/sbi/path.c:62)
[32m03/15 06:46:24.907[0m: [[33msepp[0m] [1;36mWARNING[0m: [sepp2.localdomain] Retry establishment with Peer SEPP (../src/sepp/handshake-sm.c:264)
[32m03/15 06:46:24.908[0m: [[33msbi[0m] [1;36mWARNING[0m: Couldn't connect to server (7): Failed to connect to sepp2.localdomain port 7777 after 0 ms: Couldn't connect to server (../lib/sbi/client.c:767)
[32m03/15 06:46:24.909[0m: [[33msbi[0m] [1;36mWARNING[0m: ogs_sbi_client_handler() failed [-1] (../lib/sbi/path.c:62)
[32m03/15 06:46:35.911[0m: [[33msepp[0m] [1;36mWARNING[0m: [sepp2.localdomain] Retry establishment with Peer SEPP (../src/sepp/handshake-sm.c:264)
[32m03/15 06:46:35.912[0m: [[33msbi[0m] [1;36mWARNING[0m: Couldn't connect to server (7): Failed to connect to sepp2.localdomain port 7777 after 0 ms: Couldn't connect to server (../lib/sbi/client.c:767)
[32m03/15 06:46:35.912[0m: [[33msbi[0m] [1;36mWARNING[0m: ogs_sbi_client_handler() failed [-1] (../lib/sbi/path.c:62)
[32m03/15 06:46:39.593[0m: [[33mapp[0m] [1;32mINFO[0m: SIGINT received (../src/main.c:54)
[32m03/15 06:46:39.593[0m: [[33mapp[0m] [1;32mINFO[0m: Open5GS daemon terminating... (../src/main.c:231)
[32m03/15 06:46:39.593[0m: [[33msbi[0m] [1;32mINFO[0m: [a2402500-203a-41f1-bdaa-c5700aab12eb] NF de-registered (../lib/sbi/nf-sm.c:379)
[32m03/15 06:46:39.605[0m: [[33mapp[0m] [1;32mINFO[0m: SEPP terminate...done (../src/sepp/app.c:39)
